🔦 Is CUDA (for Torch) available? False
🔦 Device: cpu (WARN: Due to CUDA out of memory errors, running on CPU only!)
🚀 Running program...
---> env var: MAX_ML_WORKERS, val: 10
---> env var: DEBUG, val: False
---> env var: RANDOM_SEED, val: 42
---> env var: COMMON_LOGGER_DIR_PATH, val: /home/onyr/code/phdtrack/memory_graph_gcn/logs/common
---> env var: RESULTS_LOGGER_DIR_PATH, val: /home/onyr/code/phdtrack/memory_graph_gcn/logs/results
---> env var: SAVE_RESULT_LOGS, val: True
---> env var: ALL_MEM2GRAPH_DATASET_DIR_PATH, val: /home/onyr/code/phdtrack/mem2graph/data
---> env var: PICKLE_DATASET_DIR_PATH, val: /home/onyr/code/phdtrack/memory_graph_gcn/data/pickled_graphs
---> env var: RESULT_SAVE_FILE_FORMAT, val: csv
---> env var: HYPERPARAMS_JSON_FILE_PATH, val: /home/onyr/code/phdtrack/memory_graph_gcn/src/hyperparams.json
---> env var: NB_RANDOM_FOREST_JOBS, val: 5
---> env var: PARALLEL_PIPELINE_BATCH_SIZE, val: 6
---> env var: PICKLE_CACHED_NODE2VEC_EMBEDDINGS, val: /home/onyr/code/phdtrack/memory_graph_gcn/data/pickled_node2vec
✅ Environment variables loaded.
Passed program params:
param[0]: src/main_gcn.py
param[1]: -i
param[2]: /home/onyr/code/phdtrack/phdtrack_data_clean/
param[3]: -p
param[4]: gcn-pipeline
param[5]: classic-ml-pipeline
param[6]: feature-evaluation-pipeline
param[7]: -b
param[8]: 6
param[9]: -a
param[10]: -q
param[11]: -n
param[12]: 3
🔷 Launching First GCN Pipeline
🔷 Launching Random Forest Pipeline
🔷 Launching Feature Evaluation Pipeline
🔷 No node embedding types specified. Iterating over all available embeddings combinations.
🔷 Using 3 input graphs
🔷 Using all Mem2Graph datasets to generate compute instances
🔷 Not removing file if error when loading GV files
🔷 Using input dir path: /home/onyr/code/phdtrack/phdtrack_data_clean/
Parsed program params:
debug: False
dry_run: False
max_ml_workers: None
input_dir_path: /home/onyr/code/phdtrack/phdtrack_data_clean/
pipelines: ['gcn-pipeline', 'classic-ml-pipeline', 'feature-evaluation-pipeline']
node_embedding: None
nb_input_graphs: 3
all_mem2graph_datasets: True
parallel_batch_size: 6
remove_file_if_error: False
quiet: True
run_serial: False
🚧 DEBUG: False
✅ Program paths are OK.
Directory /home/onyr/code/phdtrack/memory_graph_gcn/logs/commonGCN_ML already exists.
Directory /home/onyr/code/phdtrack/memory_graph_gcn/logs/resultsGCN_ML already exists.
2023_11_20_09_33_09 - common_logger - INFO - ⚓ Results logger path: /home/onyr/code/phdtrack/memory_graph_gcn/logs/resultsGCN_ML/2023_11_20_09_33_09_179433_results.log
2023_11_20_09_33_09 - results_logger - INFO - ########## Program params:   [see below] ##########
2023_11_20_09_33_09 - results_logger - INFO - app_name: GCN_ML
2023_11_20_09_33_09 - results_logger - INFO - MAX_ML_WORKERS: 10
2023_11_20_09_33_09 - results_logger - INFO - DEBUG: False
2023_11_20_09_33_09 - results_logger - INFO - RANDOM_SEED: 42
2023_11_20_09_33_09 - results_logger - INFO - COMMON_LOGGER_DIR_PATH: /home/onyr/code/phdtrack/memory_graph_gcn/logs/common
2023_11_20_09_33_09 - results_logger - INFO - RESULTS_LOGGER_DIR_PATH: /home/onyr/code/phdtrack/memory_graph_gcn/logs/results
2023_11_20_09_33_09 - results_logger - INFO - COMMON_LOGGER: <Logger common_logger (DEBUG)>
2023_11_20_09_33_09 - results_logger - INFO - RESULTS_LOGGER: <Logger results_logger (DEBUG)>
2023_11_20_09_33_09 - results_logger - INFO - SAVE_RESULT_LOGS: True
2023_11_20_09_33_09 - results_logger - INFO - cli: <graph_conv_net.params.cli.CLIArguments object at 0x7ffe953f8550>
2023_11_20_09_33_09 - results_logger - INFO - nb_pipeline_runs: 1
2023_11_20_09_33_09 - results_logger - INFO - DRY_RUN: False
2023_11_20_09_33_09 - results_logger - INFO - ALL_MEM2GRAPH_DATASET_DIR_PATH: /home/onyr/code/phdtrack/mem2graph/data
2023_11_20_09_33_09 - results_logger - INFO - PICKLE_DATASET_DIR_PATH: /home/onyr/code/phdtrack/memory_graph_gcn/data/pickled_graphs
2023_11_20_09_33_09 - results_logger - INFO - RESULT_SAVE_FILE_FORMAT: csv
2023_11_20_09_33_09 - results_logger - INFO - HYPERPARAMS_JSON_FILE_PATH: /home/onyr/code/phdtrack/memory_graph_gcn/src/hyperparams.json
2023_11_20_09_33_09 - results_logger - INFO - NB_RANDOM_FOREST_JOBS: 5
2023_11_20_09_33_09 - results_logger - INFO - PARALLEL_PIPELINE_BATCH_SIZE: 6
2023_11_20_09_33_09 - results_logger - INFO - PICKLE_CACHED_NODE2VEC_EMBEDDINGS: /home/onyr/code/phdtrack/memory_graph_gcn/data/pickled_node2vec
2023_11_20_09_33_09 - results_logger - INFO - ########## Program params:   [see above] ##########
2023_11_20_09_33_09 - common_logger - INFO - 🔷 Looking for Mem2Graph dataset directories in /home/onyr/code/phdtrack/mem2graph/data...
2023_11_20_09_33_09 - common_logger - INFO - 🗃 Found 6 Mem2Graph dataset directories.
len(_all_embeddings): 3
🔷 node_embedding_types: [<NodeEmbeddingType.Node2Vec: 'node2vec'>, <NodeEmbeddingType.CustomCommentEmbedding: 'comment'>, <NodeEmbeddingType.Node2VecAndComment: 'node2vec-comment'>]
2023_11_20_09_33_09 - common_logger - INFO - 📝 Logging hyperparams...
2023_11_20_09_33_09 - common_logger - INFO - Hyperparams [0]: RandomForestPipeline(index=0, pipeline_name=<PipelineNames.ClassicMLPipeline: 'classic-ml-pipeline'>, input_mem2graph_dataset_dir_path='/home/onyr/code/phdtrack/mem2graph/data/0_graph_with_embedding_comments_-e_none_-v_-a_chunk-header-node_-c_chunk-semantic-embedding_-e_none_-s_none', node_embedding=<NodeEmbeddingType.Node2Vec: 'node2vec'>, node2vec_dimensions=32, node2vec_walk_length=16, node2vec_num_walks=50, node2vec_p=1.0, node2vec_q=1.0, node2vec_window=10, node2vec_batch_words=8, node2vec_workers=16, random_forest_n_estimators=100, random_forest_n_jobs=5)
2023_11_20_09_33_09 - common_logger - INFO - Hyperparams [1]: FirstGCNPipelineHyperparams(index=1, pipeline_name=<PipelineNames.GCNPipeline: 'gcn-pipeline'>, input_mem2graph_dataset_dir_path='/home/onyr/code/phdtrack/mem2graph/data/0_graph_with_embedding_comments_-e_none_-v_-a_chunk-header-node_-c_chunk-semantic-embedding_-e_none_-s_none', node_embedding=<NodeEmbeddingType.Node2Vec: 'node2vec'>, node2vec_dimensions=32, node2vec_walk_length=16, node2vec_num_walks=50, node2vec_p=1.0, node2vec_q=1.0, node2vec_window=10, node2vec_batch_words=8, node2vec_workers=16, first_gcn_training_epochs=20)
2023_11_20_09_33_09 - common_logger - INFO - Hyperparams [2]: RandomForestPipeline(index=2, pipeline_name=<PipelineNames.ClassicMLPipeline: 'classic-ml-pipeline'>, input_mem2graph_dataset_dir_path='/home/onyr/code/phdtrack/mem2graph/data/3_graph_with_embedding_comments_-e_none_-v_-a_chunk-header-node_-c_chunk-semantic-embedding_-e_only-max-entropy_-s_activate', node_embedding=<NodeEmbeddingType.Node2Vec: 'node2vec'>, node2vec_dimensions=32, node2vec_walk_length=16, node2vec_num_walks=50, node2vec_p=1.0, node2vec_q=1.0, node2vec_window=10, node2vec_batch_words=8, node2vec_workers=16, random_forest_n_estimators=100, random_forest_n_jobs=5)
2023_11_20_09_33_09 - common_logger - INFO - Hyperparams [3]: FirstGCNPipelineHyperparams(index=3, pipeline_name=<PipelineNames.GCNPipeline: 'gcn-pipeline'>, input_mem2graph_dataset_dir_path='/home/onyr/code/phdtrack/mem2graph/data/3_graph_with_embedding_comments_-e_none_-v_-a_chunk-header-node_-c_chunk-semantic-embedding_-e_only-max-entropy_-s_activate', node_embedding=<NodeEmbeddingType.Node2Vec: 'node2vec'>, node2vec_dimensions=32, node2vec_walk_length=16, node2vec_num_walks=50, node2vec_p=1.0, node2vec_q=1.0, node2vec_window=10, node2vec_batch_words=8, node2vec_workers=16, first_gcn_training_epochs=20)
2023_11_20_09_33_09 - common_logger - INFO - Hyperparams [4]: RandomForestPipeline(index=4, pipeline_name=<PipelineNames.ClassicMLPipeline: 'classic-ml-pipeline'>, input_mem2graph_dataset_dir_path='/home/onyr/code/phdtrack/mem2graph/data/5_graph_with_embedding_comments_-e_none_-v_-a_chunk-header-node_-c_chunk-start-bytes-embedding_-e_only-max-entropy_-s_activate', node_embedding=<NodeEmbeddingType.Node2Vec: 'node2vec'>, node2vec_dimensions=32, node2vec_walk_length=16, node2vec_num_walks=50, node2vec_p=1.0, node2vec_q=1.0, node2vec_window=10, node2vec_batch_words=8, node2vec_workers=16, random_forest_n_estimators=100, random_forest_n_jobs=5)
2023_11_20_09_33_09 - common_logger - INFO - Hyperparams [5]: FirstGCNPipelineHyperparams(index=5, pipeline_name=<PipelineNames.GCNPipeline: 'gcn-pipeline'>, input_mem2graph_dataset_dir_path='/home/onyr/code/phdtrack/mem2graph/data/5_graph_with_embedding_comments_-e_none_-v_-a_chunk-header-node_-c_chunk-start-bytes-embedding_-e_only-max-entropy_-s_activate', node_embedding=<NodeEmbeddingType.Node2Vec: 'node2vec'>, node2vec_dimensions=32, node2vec_walk_length=16, node2vec_num_walks=50, node2vec_p=1.0, node2vec_q=1.0, node2vec_window=10, node2vec_batch_words=8, node2vec_workers=16, first_gcn_training_epochs=20)
2023_11_20_09_33_09 - common_logger - INFO - Hyperparams [6]: RandomForestPipeline(index=6, pipeline_name=<PipelineNames.ClassicMLPipeline: 'classic-ml-pipeline'>, input_mem2graph_dataset_dir_path='/home/onyr/code/phdtrack/mem2graph/data/4_graph_with_embedding_comments_-e_none_-v_-a_chunk-header-node_-c_chunk-statistic-embedding_-e_only-max-entropy_-s_activate', node_embedding=<NodeEmbeddingType.Node2Vec: 'node2vec'>, node2vec_dimensions=32, node2vec_walk_length=16, node2vec_num_walks=50, node2vec_p=1.0, node2vec_q=1.0, node2vec_window=10, node2vec_batch_words=8, node2vec_workers=16, random_forest_n_estimators=100, random_forest_n_jobs=5)
2023_11_20_09_33_09 - common_logger - INFO - Hyperparams [7]: FirstGCNPipelineHyperparams(index=7, pipeline_name=<PipelineNames.GCNPipeline: 'gcn-pipeline'>, input_mem2graph_dataset_dir_path='/home/onyr/code/phdtrack/mem2graph/data/4_graph_with_embedding_comments_-e_none_-v_-a_chunk-header-node_-c_chunk-statistic-embedding_-e_only-max-entropy_-s_activate', node_embedding=<NodeEmbeddingType.Node2Vec: 'node2vec'>, node2vec_dimensions=32, node2vec_walk_length=16, node2vec_num_walks=50, node2vec_p=1.0, node2vec_q=1.0, node2vec_window=10, node2vec_batch_words=8, node2vec_workers=16, first_gcn_training_epochs=20)
2023_11_20_09_33_09 - common_logger - INFO - Hyperparams [8]: RandomForestPipeline(index=8, pipeline_name=<PipelineNames.ClassicMLPipeline: 'classic-ml-pipeline'>, input_mem2graph_dataset_dir_path='/home/onyr/code/phdtrack/mem2graph/data/1_graph_with_embedding_comments_-e_none_-v_-a_chunk-header-node_-c_chunk-statistic-embedding_-e_none_-s_none', node_embedding=<NodeEmbeddingType.Node2Vec: 'node2vec'>, node2vec_dimensions=32, node2vec_walk_length=16, node2vec_num_walks=50, node2vec_p=1.0, node2vec_q=1.0, node2vec_window=10, node2vec_batch_words=8, node2vec_workers=16, random_forest_n_estimators=100, random_forest_n_jobs=5)
2023_11_20_09_33_09 - common_logger - INFO - Hyperparams [9]: FirstGCNPipelineHyperparams(index=9, pipeline_name=<PipelineNames.GCNPipeline: 'gcn-pipeline'>, input_mem2graph_dataset_dir_path='/home/onyr/code/phdtrack/mem2graph/data/1_graph_with_embedding_comments_-e_none_-v_-a_chunk-header-node_-c_chunk-statistic-embedding_-e_none_-s_none', node_embedding=<NodeEmbeddingType.Node2Vec: 'node2vec'>, node2vec_dimensions=32, node2vec_walk_length=16, node2vec_num_walks=50, node2vec_p=1.0, node2vec_q=1.0, node2vec_window=10, node2vec_batch_words=8, node2vec_workers=16, first_gcn_training_epochs=20)
2023_11_20_09_33_09 - common_logger - INFO - Hyperparams [10]: RandomForestPipeline(index=10, pipeline_name=<PipelineNames.ClassicMLPipeline: 'classic-ml-pipeline'>, input_mem2graph_dataset_dir_path='/home/onyr/code/phdtrack/mem2graph/data/2_graph_with_embedding_comments_-e_none_-v_-a_chunk-header-node_-c_chunk-start-bytes-embedding_-e_none_-s_none', node_embedding=<NodeEmbeddingType.Node2Vec: 'node2vec'>, node2vec_dimensions=32, node2vec_walk_length=16, node2vec_num_walks=50, node2vec_p=1.0, node2vec_q=1.0, node2vec_window=10, node2vec_batch_words=8, node2vec_workers=16, random_forest_n_estimators=100, random_forest_n_jobs=5)
2023_11_20_09_33_09 - common_logger - INFO - Hyperparams [11]: FirstGCNPipelineHyperparams(index=11, pipeline_name=<PipelineNames.GCNPipeline: 'gcn-pipeline'>, input_mem2graph_dataset_dir_path='/home/onyr/code/phdtrack/mem2graph/data/2_graph_with_embedding_comments_-e_none_-v_-a_chunk-header-node_-c_chunk-start-bytes-embedding_-e_none_-s_none', node_embedding=<NodeEmbeddingType.Node2Vec: 'node2vec'>, node2vec_dimensions=32, node2vec_walk_length=16, node2vec_num_walks=50, node2vec_p=1.0, node2vec_q=1.0, node2vec_window=10, node2vec_batch_words=8, node2vec_workers=16, first_gcn_training_epochs=20)
2023_11_20_09_33_09 - common_logger - INFO - Hyperparams [12]: RandomForestPipeline(index=12, pipeline_name=<PipelineNames.ClassicMLPipeline: 'classic-ml-pipeline'>, input_mem2graph_dataset_dir_path='/home/onyr/code/phdtrack/mem2graph/data/0_graph_with_embedding_comments_-e_none_-v_-a_chunk-header-node_-c_chunk-semantic-embedding_-e_none_-s_none', node_embedding=<NodeEmbeddingType.CustomCommentEmbedding: 'comment'>, node2vec_dimensions=32, node2vec_walk_length=16, node2vec_num_walks=50, node2vec_p=1.0, node2vec_q=1.0, node2vec_window=10, node2vec_batch_words=8, node2vec_workers=16, random_forest_n_estimators=100, random_forest_n_jobs=5)
2023_11_20_09_33_09 - common_logger - INFO - Hyperparams [13]: FirstGCNPipelineHyperparams(index=13, pipeline_name=<PipelineNames.GCNPipeline: 'gcn-pipeline'>, input_mem2graph_dataset_dir_path='/home/onyr/code/phdtrack/mem2graph/data/0_graph_with_embedding_comments_-e_none_-v_-a_chunk-header-node_-c_chunk-semantic-embedding_-e_none_-s_none', node_embedding=<NodeEmbeddingType.CustomCommentEmbedding: 'comment'>, node2vec_dimensions=32, node2vec_walk_length=16, node2vec_num_walks=50, node2vec_p=1.0, node2vec_q=1.0, node2vec_window=10, node2vec_batch_words=8, node2vec_workers=16, first_gcn_training_epochs=20)
2023_11_20_09_33_09 - common_logger - INFO - Hyperparams [14]: RandomForestPipeline(index=14, pipeline_name=<PipelineNames.ClassicMLPipeline: 'classic-ml-pipeline'>, input_mem2graph_dataset_dir_path='/home/onyr/code/phdtrack/mem2graph/data/3_graph_with_embedding_comments_-e_none_-v_-a_chunk-header-node_-c_chunk-semantic-embedding_-e_only-max-entropy_-s_activate', node_embedding=<NodeEmbeddingType.CustomCommentEmbedding: 'comment'>, node2vec_dimensions=32, node2vec_walk_length=16, node2vec_num_walks=50, node2vec_p=1.0, node2vec_q=1.0, node2vec_window=10, node2vec_batch_words=8, node2vec_workers=16, random_forest_n_estimators=100, random_forest_n_jobs=5)
2023_11_20_09_33_09 - common_logger - INFO - Hyperparams [15]: FirstGCNPipelineHyperparams(index=15, pipeline_name=<PipelineNames.GCNPipeline: 'gcn-pipeline'>, input_mem2graph_dataset_dir_path='/home/onyr/code/phdtrack/mem2graph/data/3_graph_with_embedding_comments_-e_none_-v_-a_chunk-header-node_-c_chunk-semantic-embedding_-e_only-max-entropy_-s_activate', node_embedding=<NodeEmbeddingType.CustomCommentEmbedding: 'comment'>, node2vec_dimensions=32, node2vec_walk_length=16, node2vec_num_walks=50, node2vec_p=1.0, node2vec_q=1.0, node2vec_window=10, node2vec_batch_words=8, node2vec_workers=16, first_gcn_training_epochs=20)
2023_11_20_09_33_09 - common_logger - INFO - Hyperparams [16]: RandomForestPipeline(index=16, pipeline_name=<PipelineNames.ClassicMLPipeline: 'classic-ml-pipeline'>, input_mem2graph_dataset_dir_path='/home/onyr/code/phdtrack/mem2graph/data/5_graph_with_embedding_comments_-e_none_-v_-a_chunk-header-node_-c_chunk-start-bytes-embedding_-e_only-max-entropy_-s_activate', node_embedding=<NodeEmbeddingType.CustomCommentEmbedding: 'comment'>, node2vec_dimensions=32, node2vec_walk_length=16, node2vec_num_walks=50, node2vec_p=1.0, node2vec_q=1.0, node2vec_window=10, node2vec_batch_words=8, node2vec_workers=16, random_forest_n_estimators=100, random_forest_n_jobs=5)
2023_11_20_09_33_09 - common_logger - INFO - Hyperparams [17]: FirstGCNPipelineHyperparams(index=17, pipeline_name=<PipelineNames.GCNPipeline: 'gcn-pipeline'>, input_mem2graph_dataset_dir_path='/home/onyr/code/phdtrack/mem2graph/data/5_graph_with_embedding_comments_-e_none_-v_-a_chunk-header-node_-c_chunk-start-bytes-embedding_-e_only-max-entropy_-s_activate', node_embedding=<NodeEmbeddingType.CustomCommentEmbedding: 'comment'>, node2vec_dimensions=32, node2vec_walk_length=16, node2vec_num_walks=50, node2vec_p=1.0, node2vec_q=1.0, node2vec_window=10, node2vec_batch_words=8, node2vec_workers=16, first_gcn_training_epochs=20)
2023_11_20_09_33_09 - common_logger - INFO - Hyperparams [18]: RandomForestPipeline(index=18, pipeline_name=<PipelineNames.ClassicMLPipeline: 'classic-ml-pipeline'>, input_mem2graph_dataset_dir_path='/home/onyr/code/phdtrack/mem2graph/data/4_graph_with_embedding_comments_-e_none_-v_-a_chunk-header-node_-c_chunk-statistic-embedding_-e_only-max-entropy_-s_activate', node_embedding=<NodeEmbeddingType.CustomCommentEmbedding: 'comment'>, node2vec_dimensions=32, node2vec_walk_length=16, node2vec_num_walks=50, node2vec_p=1.0, node2vec_q=1.0, node2vec_window=10, node2vec_batch_words=8, node2vec_workers=16, random_forest_n_estimators=100, random_forest_n_jobs=5)
2023_11_20_09_33_09 - common_logger - INFO - Hyperparams [19]: FirstGCNPipelineHyperparams(index=19, pipeline_name=<PipelineNames.GCNPipeline: 'gcn-pipeline'>, input_mem2graph_dataset_dir_path='/home/onyr/code/phdtrack/mem2graph/data/4_graph_with_embedding_comments_-e_none_-v_-a_chunk-header-node_-c_chunk-statistic-embedding_-e_only-max-entropy_-s_activate', node_embedding=<NodeEmbeddingType.CustomCommentEmbedding: 'comment'>, node2vec_dimensions=32, node2vec_walk_length=16, node2vec_num_walks=50, node2vec_p=1.0, node2vec_q=1.0, node2vec_window=10, node2vec_batch_words=8, node2vec_workers=16, first_gcn_training_epochs=20)
2023_11_20_09_33_09 - common_logger - INFO - Hyperparams [20]: RandomForestPipeline(index=20, pipeline_name=<PipelineNames.ClassicMLPipeline: 'classic-ml-pipeline'>, input_mem2graph_dataset_dir_path='/home/onyr/code/phdtrack/mem2graph/data/1_graph_with_embedding_comments_-e_none_-v_-a_chunk-header-node_-c_chunk-statistic-embedding_-e_none_-s_none', node_embedding=<NodeEmbeddingType.CustomCommentEmbedding: 'comment'>, node2vec_dimensions=32, node2vec_walk_length=16, node2vec_num_walks=50, node2vec_p=1.0, node2vec_q=1.0, node2vec_window=10, node2vec_batch_words=8, node2vec_workers=16, random_forest_n_estimators=100, random_forest_n_jobs=5)
2023_11_20_09_33_09 - common_logger - INFO - Hyperparams [21]: FirstGCNPipelineHyperparams(index=21, pipeline_name=<PipelineNames.GCNPipeline: 'gcn-pipeline'>, input_mem2graph_dataset_dir_path='/home/onyr/code/phdtrack/mem2graph/data/1_graph_with_embedding_comments_-e_none_-v_-a_chunk-header-node_-c_chunk-statistic-embedding_-e_none_-s_none', node_embedding=<NodeEmbeddingType.CustomCommentEmbedding: 'comment'>, node2vec_dimensions=32, node2vec_walk_length=16, node2vec_num_walks=50, node2vec_p=1.0, node2vec_q=1.0, node2vec_window=10, node2vec_batch_words=8, node2vec_workers=16, first_gcn_training_epochs=20)
2023_11_20_09_33_09 - common_logger - INFO - Hyperparams [22]: RandomForestPipeline(index=22, pipeline_name=<PipelineNames.ClassicMLPipeline: 'classic-ml-pipeline'>, input_mem2graph_dataset_dir_path='/home/onyr/code/phdtrack/mem2graph/data/2_graph_with_embedding_comments_-e_none_-v_-a_chunk-header-node_-c_chunk-start-bytes-embedding_-e_none_-s_none', node_embedding=<NodeEmbeddingType.CustomCommentEmbedding: 'comment'>, node2vec_dimensions=32, node2vec_walk_length=16, node2vec_num_walks=50, node2vec_p=1.0, node2vec_q=1.0, node2vec_window=10, node2vec_batch_words=8, node2vec_workers=16, random_forest_n_estimators=100, random_forest_n_jobs=5)
2023_11_20_09_33_09 - common_logger - INFO - Hyperparams [23]: FirstGCNPipelineHyperparams(index=23, pipeline_name=<PipelineNames.GCNPipeline: 'gcn-pipeline'>, input_mem2graph_dataset_dir_path='/home/onyr/code/phdtrack/mem2graph/data/2_graph_with_embedding_comments_-e_none_-v_-a_chunk-header-node_-c_chunk-start-bytes-embedding_-e_none_-s_none', node_embedding=<NodeEmbeddingType.CustomCommentEmbedding: 'comment'>, node2vec_dimensions=32, node2vec_walk_length=16, node2vec_num_walks=50, node2vec_p=1.0, node2vec_q=1.0, node2vec_window=10, node2vec_batch_words=8, node2vec_workers=16, first_gcn_training_epochs=20)
2023_11_20_09_33_09 - common_logger - INFO - Hyperparams [24]: RandomForestPipeline(index=24, pipeline_name=<PipelineNames.ClassicMLPipeline: 'classic-ml-pipeline'>, input_mem2graph_dataset_dir_path='/home/onyr/code/phdtrack/mem2graph/data/0_graph_with_embedding_comments_-e_none_-v_-a_chunk-header-node_-c_chunk-semantic-embedding_-e_none_-s_none', node_embedding=<NodeEmbeddingType.Node2VecAndComment: 'node2vec-comment'>, node2vec_dimensions=32, node2vec_walk_length=16, node2vec_num_walks=50, node2vec_p=1.0, node2vec_q=1.0, node2vec_window=10, node2vec_batch_words=8, node2vec_workers=16, random_forest_n_estimators=100, random_forest_n_jobs=5)
2023_11_20_09_33_09 - common_logger - INFO - Hyperparams [25]: FirstGCNPipelineHyperparams(index=25, pipeline_name=<PipelineNames.GCNPipeline: 'gcn-pipeline'>, input_mem2graph_dataset_dir_path='/home/onyr/code/phdtrack/mem2graph/data/0_graph_with_embedding_comments_-e_none_-v_-a_chunk-header-node_-c_chunk-semantic-embedding_-e_none_-s_none', node_embedding=<NodeEmbeddingType.Node2VecAndComment: 'node2vec-comment'>, node2vec_dimensions=32, node2vec_walk_length=16, node2vec_num_walks=50, node2vec_p=1.0, node2vec_q=1.0, node2vec_window=10, node2vec_batch_words=8, node2vec_workers=16, first_gcn_training_epochs=20)
2023_11_20_09_33_09 - common_logger - INFO - Hyperparams [26]: RandomForestPipeline(index=26, pipeline_name=<PipelineNames.ClassicMLPipeline: 'classic-ml-pipeline'>, input_mem2graph_dataset_dir_path='/home/onyr/code/phdtrack/mem2graph/data/3_graph_with_embedding_comments_-e_none_-v_-a_chunk-header-node_-c_chunk-semantic-embedding_-e_only-max-entropy_-s_activate', node_embedding=<NodeEmbeddingType.Node2VecAndComment: 'node2vec-comment'>, node2vec_dimensions=32, node2vec_walk_length=16, node2vec_num_walks=50, node2vec_p=1.0, node2vec_q=1.0, node2vec_window=10, node2vec_batch_words=8, node2vec_workers=16, random_forest_n_estimators=100, random_forest_n_jobs=5)
2023_11_20_09_33_09 - common_logger - INFO - Hyperparams [27]: FirstGCNPipelineHyperparams(index=27, pipeline_name=<PipelineNames.GCNPipeline: 'gcn-pipeline'>, input_mem2graph_dataset_dir_path='/home/onyr/code/phdtrack/mem2graph/data/3_graph_with_embedding_comments_-e_none_-v_-a_chunk-header-node_-c_chunk-semantic-embedding_-e_only-max-entropy_-s_activate', node_embedding=<NodeEmbeddingType.Node2VecAndComment: 'node2vec-comment'>, node2vec_dimensions=32, node2vec_walk_length=16, node2vec_num_walks=50, node2vec_p=1.0, node2vec_q=1.0, node2vec_window=10, node2vec_batch_words=8, node2vec_workers=16, first_gcn_training_epochs=20)
2023_11_20_09_33_09 - common_logger - INFO - Hyperparams [28]: RandomForestPipeline(index=28, pipeline_name=<PipelineNames.ClassicMLPipeline: 'classic-ml-pipeline'>, input_mem2graph_dataset_dir_path='/home/onyr/code/phdtrack/mem2graph/data/5_graph_with_embedding_comments_-e_none_-v_-a_chunk-header-node_-c_chunk-start-bytes-embedding_-e_only-max-entropy_-s_activate', node_embedding=<NodeEmbeddingType.Node2VecAndComment: 'node2vec-comment'>, node2vec_dimensions=32, node2vec_walk_length=16, node2vec_num_walks=50, node2vec_p=1.0, node2vec_q=1.0, node2vec_window=10, node2vec_batch_words=8, node2vec_workers=16, random_forest_n_estimators=100, random_forest_n_jobs=5)
2023_11_20_09_33_09 - common_logger - INFO - Hyperparams [29]: FirstGCNPipelineHyperparams(index=29, pipeline_name=<PipelineNames.GCNPipeline: 'gcn-pipeline'>, input_mem2graph_dataset_dir_path='/home/onyr/code/phdtrack/mem2graph/data/5_graph_with_embedding_comments_-e_none_-v_-a_chunk-header-node_-c_chunk-start-bytes-embedding_-e_only-max-entropy_-s_activate', node_embedding=<NodeEmbeddingType.Node2VecAndComment: 'node2vec-comment'>, node2vec_dimensions=32, node2vec_walk_length=16, node2vec_num_walks=50, node2vec_p=1.0, node2vec_q=1.0, node2vec_window=10, node2vec_batch_words=8, node2vec_workers=16, first_gcn_training_epochs=20)
2023_11_20_09_33_09 - common_logger - INFO - Hyperparams [30]: RandomForestPipeline(index=30, pipeline_name=<PipelineNames.ClassicMLPipeline: 'classic-ml-pipeline'>, input_mem2graph_dataset_dir_path='/home/onyr/code/phdtrack/mem2graph/data/4_graph_with_embedding_comments_-e_none_-v_-a_chunk-header-node_-c_chunk-statistic-embedding_-e_only-max-entropy_-s_activate', node_embedding=<NodeEmbeddingType.Node2VecAndComment: 'node2vec-comment'>, node2vec_dimensions=32, node2vec_walk_length=16, node2vec_num_walks=50, node2vec_p=1.0, node2vec_q=1.0, node2vec_window=10, node2vec_batch_words=8, node2vec_workers=16, random_forest_n_estimators=100, random_forest_n_jobs=5)
2023_11_20_09_33_09 - common_logger - INFO - Hyperparams [31]: FirstGCNPipelineHyperparams(index=31, pipeline_name=<PipelineNames.GCNPipeline: 'gcn-pipeline'>, input_mem2graph_dataset_dir_path='/home/onyr/code/phdtrack/mem2graph/data/4_graph_with_embedding_comments_-e_none_-v_-a_chunk-header-node_-c_chunk-statistic-embedding_-e_only-max-entropy_-s_activate', node_embedding=<NodeEmbeddingType.Node2VecAndComment: 'node2vec-comment'>, node2vec_dimensions=32, node2vec_walk_length=16, node2vec_num_walks=50, node2vec_p=1.0, node2vec_q=1.0, node2vec_window=10, node2vec_batch_words=8, node2vec_workers=16, first_gcn_training_epochs=20)
2023_11_20_09_33_09 - common_logger - INFO - Hyperparams [32]: RandomForestPipeline(index=32, pipeline_name=<PipelineNames.ClassicMLPipeline: 'classic-ml-pipeline'>, input_mem2graph_dataset_dir_path='/home/onyr/code/phdtrack/mem2graph/data/1_graph_with_embedding_comments_-e_none_-v_-a_chunk-header-node_-c_chunk-statistic-embedding_-e_none_-s_none', node_embedding=<NodeEmbeddingType.Node2VecAndComment: 'node2vec-comment'>, node2vec_dimensions=32, node2vec_walk_length=16, node2vec_num_walks=50, node2vec_p=1.0, node2vec_q=1.0, node2vec_window=10, node2vec_batch_words=8, node2vec_workers=16, random_forest_n_estimators=100, random_forest_n_jobs=5)
2023_11_20_09_33_09 - common_logger - INFO - Hyperparams [33]: FirstGCNPipelineHyperparams(index=33, pipeline_name=<PipelineNames.GCNPipeline: 'gcn-pipeline'>, input_mem2graph_dataset_dir_path='/home/onyr/code/phdtrack/mem2graph/data/1_graph_with_embedding_comments_-e_none_-v_-a_chunk-header-node_-c_chunk-statistic-embedding_-e_none_-s_none', node_embedding=<NodeEmbeddingType.Node2VecAndComment: 'node2vec-comment'>, node2vec_dimensions=32, node2vec_walk_length=16, node2vec_num_walks=50, node2vec_p=1.0, node2vec_q=1.0, node2vec_window=10, node2vec_batch_words=8, node2vec_workers=16, first_gcn_training_epochs=20)
2023_11_20_09_33_09 - common_logger - INFO - Hyperparams [34]: RandomForestPipeline(index=34, pipeline_name=<PipelineNames.ClassicMLPipeline: 'classic-ml-pipeline'>, input_mem2graph_dataset_dir_path='/home/onyr/code/phdtrack/mem2graph/data/2_graph_with_embedding_comments_-e_none_-v_-a_chunk-header-node_-c_chunk-start-bytes-embedding_-e_none_-s_none', node_embedding=<NodeEmbeddingType.Node2VecAndComment: 'node2vec-comment'>, node2vec_dimensions=32, node2vec_walk_length=16, node2vec_num_walks=50, node2vec_p=1.0, node2vec_q=1.0, node2vec_window=10, node2vec_batch_words=8, node2vec_workers=16, random_forest_n_estimators=100, random_forest_n_jobs=5)
2023_11_20_09_33_09 - common_logger - INFO - Hyperparams [35]: FirstGCNPipelineHyperparams(index=35, pipeline_name=<PipelineNames.GCNPipeline: 'gcn-pipeline'>, input_mem2graph_dataset_dir_path='/home/onyr/code/phdtrack/mem2graph/data/2_graph_with_embedding_comments_-e_none_-v_-a_chunk-header-node_-c_chunk-start-bytes-embedding_-e_none_-s_none', node_embedding=<NodeEmbeddingType.Node2VecAndComment: 'node2vec-comment'>, node2vec_dimensions=32, node2vec_walk_length=16, node2vec_num_walks=50, node2vec_p=1.0, node2vec_q=1.0, node2vec_window=10, node2vec_batch_words=8, node2vec_workers=16, first_gcn_training_epochs=20)
2023_11_20_09_33_09 - common_logger - INFO - Hyperparams [36]: BaseHyperparams(index=36, pipeline_name=<PipelineNames.FeatureEvaluationPipeline: 'feature-evaluation-pipeline'>, input_mem2graph_dataset_dir_path='/home/onyr/code/phdtrack/mem2graph/data/0_graph_with_embedding_comments_-e_none_-v_-a_chunk-header-node_-c_chunk-semantic-embedding_-e_none_-s_none', node_embedding=<NodeEmbeddingType.CustomCommentEmbedding: 'comment'>)
2023_11_20_09_33_09 - common_logger - INFO - Hyperparams [37]: BaseHyperparams(index=37, pipeline_name=<PipelineNames.FeatureEvaluationPipeline: 'feature-evaluation-pipeline'>, input_mem2graph_dataset_dir_path='/home/onyr/code/phdtrack/mem2graph/data/3_graph_with_embedding_comments_-e_none_-v_-a_chunk-header-node_-c_chunk-semantic-embedding_-e_only-max-entropy_-s_activate', node_embedding=<NodeEmbeddingType.CustomCommentEmbedding: 'comment'>)
2023_11_20_09_33_09 - common_logger - INFO - Hyperparams [38]: BaseHyperparams(index=38, pipeline_name=<PipelineNames.FeatureEvaluationPipeline: 'feature-evaluation-pipeline'>, input_mem2graph_dataset_dir_path='/home/onyr/code/phdtrack/mem2graph/data/5_graph_with_embedding_comments_-e_none_-v_-a_chunk-header-node_-c_chunk-start-bytes-embedding_-e_only-max-entropy_-s_activate', node_embedding=<NodeEmbeddingType.CustomCommentEmbedding: 'comment'>)
2023_11_20_09_33_09 - common_logger - INFO - Hyperparams [39]: BaseHyperparams(index=39, pipeline_name=<PipelineNames.FeatureEvaluationPipeline: 'feature-evaluation-pipeline'>, input_mem2graph_dataset_dir_path='/home/onyr/code/phdtrack/mem2graph/data/4_graph_with_embedding_comments_-e_none_-v_-a_chunk-header-node_-c_chunk-statistic-embedding_-e_only-max-entropy_-s_activate', node_embedding=<NodeEmbeddingType.CustomCommentEmbedding: 'comment'>)
2023_11_20_09_33_09 - common_logger - INFO - Hyperparams [40]: BaseHyperparams(index=40, pipeline_name=<PipelineNames.FeatureEvaluationPipeline: 'feature-evaluation-pipeline'>, input_mem2graph_dataset_dir_path='/home/onyr/code/phdtrack/mem2graph/data/1_graph_with_embedding_comments_-e_none_-v_-a_chunk-header-node_-c_chunk-statistic-embedding_-e_none_-s_none', node_embedding=<NodeEmbeddingType.CustomCommentEmbedding: 'comment'>)
2023_11_20_09_33_09 - common_logger - INFO - Hyperparams [41]: BaseHyperparams(index=41, pipeline_name=<PipelineNames.FeatureEvaluationPipeline: 'feature-evaluation-pipeline'>, input_mem2graph_dataset_dir_path='/home/onyr/code/phdtrack/mem2graph/data/2_graph_with_embedding_comments_-e_none_-v_-a_chunk-header-node_-c_chunk-start-bytes-embedding_-e_none_-s_none', node_embedding=<NodeEmbeddingType.CustomCommentEmbedding: 'comment'>)
🚀 Running pipelines...
🔷 Parallel computing BATCH size: 6
 🔘 Loading data...
Found 137 graphs inside /home/onyr/code/phdtrack/mem2graph/data/0_graph_with_embedding_comments_-e_none_-v_-a_chunk-header-node_-c_chunk-semantic-embedding_-e_none_-s_none
Loading 3 graphs...
 🔘 Loading data...
Found 137 graphs inside /home/onyr/code/phdtrack/mem2graph/data/0_graph_with_embedding_comments_-e_none_-v_-a_chunk-header-node_-c_chunk-semantic-embedding_-e_none_-s_none
Loading 3 graphs...
 🔘 Loading data...
Found 164 graphs inside /home/onyr/code/phdtrack/mem2graph/data/3_graph_with_embedding_comments_-e_none_-v_-a_chunk-header-node_-c_chunk-semantic-embedding_-e_only-max-entropy_-s_activate
Loading 3 graphs...
 🔘 Loading data...
Found 164 graphs inside /home/onyr/code/phdtrack/mem2graph/data/3_graph_with_embedding_comments_-e_none_-v_-a_chunk-header-node_-c_chunk-semantic-embedding_-e_only-max-entropy_-s_activate
Loading 3 graphs...
 🔘 Loading data...
Found 686 graphs inside /home/onyr/code/phdtrack/mem2graph/data/5_graph_with_embedding_comments_-e_none_-v_-a_chunk-header-node_-c_chunk-start-bytes-embedding_-e_only-max-entropy_-s_activate
Loading 3 graphs...
 🔘 Loading data...
Found 686 graphs inside /home/onyr/code/phdtrack/mem2graph/data/5_graph_with_embedding_comments_-e_none_-v_-a_chunk-header-node_-c_chunk-start-bytes-embedding_-e_only-max-entropy_-s_activate
Loading 3 graphs...
Loading data took: 4.347404 total sec (00h 00m 04s)
Loading data took: 4.576981 total sec (00h 00m 04s)
Loading data took: 4.573438 total sec (00h 00m 04s)
 🔘 Generating embeddings...
Loading data took: 4.624834 total sec (00h 00m 04s)
 🔘 Generating embeddings...
Loading data took: 4.610121 total sec (00h 00m 04s)
 🔘 Generating embeddings...
Loading data took: 4.628666 total sec (00h 00m 04s)
 | [󱙌 Program Memory: 7.287395477294922 GB] | ❌ ERROR: in pipeline [index: 0], after 6.451484 total sec (00h 00m 06s), for pipeline PipelineNames.ClassicMLPipeline, with hyperparams RandomForestPipeline(index=0, pipeline_name=<PipelineNames.ClassicMLPipeline: 'classic-ml-pipeline'>, input_mem2graph_dataset_dir_path='/home/onyr/code/phdtrack/mem2graph/data/0_graph_with_embedding_comments_-e_none_-v_-a_chunk-header-node_-c_chunk-semantic-embedding_-e_none_-s_none', node_embedding=<NodeEmbeddingType.Node2Vec: 'node2vec'>, node2vec_dimensions=32, node2vec_walk_length=16, node2vec_num_walks=50, node2vec_p=1.0, node2vec_q=1.0, node2vec_window=10, node2vec_batch_words=8, node2vec_workers=16, random_forest_n_estimators=100, random_forest_n_jobs=5). 
Mem2Graph GV dataset dir: /home/onyr/code/phdtrack/mem2graph/data/0_graph_with_embedding_comments_-e_none_-v_-a_chunk-header-node_-c_chunk-semantic-embedding_-e_none_-s_none. 
Exception: ERROR: Expected node_node2vec_embedding to be of type np.ndarray, but got <class 'graph_conv_net.graph.memgraph.MemGraph'> 
Traceback (most recent call last):
  File "/home/onyr/code/phdtrack/memory_graph_gcn/src/main_gcn.py", line 43, in run_pipeline
    random_forest_pipeline(params, hyperparams, result_writer)
  File "/home/onyr/code/phdtrack/memory_graph_gcn/src/graph_conv_net/pipelines/random_forest/random_forest_pipeline.py", line 51, in random_forest_pipeline
    embeddings: list[np.ndarray[tuple[int], np.dtype[np.float32]]] = generate_node_embedding(
                                                                     ^^^^^^^^^^^^^^^^^^^^^^^^
  File "/home/onyr/code/phdtrack/memory_graph_gcn/src/graph_conv_net/embedding/node_to_vec.py", line 70, in generate_node_embedding
    assert isinstance(node_node2vec_embedding, np.ndarray), (
AssertionError: ERROR: Expected node_node2vec_embedding to be of type np.ndarray, but got <class 'graph_conv_net.graph.memgraph.MemGraph'>

